Change Component Footprint: Designator=D1 Old Footprint=DO-41 New Footprint=DIOM5127X229N
Change Component Footprint: Designator=D2 Old Footprint=DO-41 New Footprint=DIOM5127X229N
Change Component Comment : Designator=D1 Old Comment=1N4002G New Comment=SS16
Change Component Comment : Designator=D2 Old Comment=1N4002G New Comment=SS16
Change component parameters: Designator = "D1" ("D1"); Footprint = "DO-41"; UniqueID = "\QWKKUYJU" ("\QWKKUYJU")
Change component parameters (AddParameter): Name = "Author"; Value = "CERN DEM JLC"; VariantName = "[No Variations]"
Change component parameters (AddParameter): Name = "Bonding"; Value = "No"; VariantName = "[No Variations]"
Change component parameters (AddParameter): Name = "Case"; Value = "DO-214AC"; VariantName = "[No Variations]"
Change component parameters (AddParameter): Name = "Component Type"; Value = "Standard"; VariantName = "[No Variations]"
Change component parameters (AddParameter): Name = "ComponentHeight"; Value = "2.29mm"; VariantName = "[No Variations]"
Change component parameters (AddParameter): Name = "CreateDate"; Value = "15.07.2008"; VariantName = "[No Variations]"
Change component parameters (AddParameter): Name = "Device"; Value = "SS16"; VariantName = "[No Variations]"
Change component parameters (AddParameter): Name = "HelpURL"; Value = "\\cern.ch\dfs\Applications\Altium\Datasheets\SS16.pdf"; VariantName = "[No Variations]"
Change component parameters (AddParameter): Name = "LatestRevisionDate"; Value = "23.08.2010"; VariantName = "[No Variations]"
Change component parameters (AddParameter): Name = "Manufacturer"; Value = "VISHAY GENERAL SEMICONDUCTOR"; VariantName = "[No Variations]"
Change component parameters (AddParameter): Name = "Manufacturer Part Number"; Value = "SS16"; VariantName = "[No Variations]"
Change component parameters (AddParameter): Name = "Mounted"; Value = "Yes"; VariantName = "[No Variations]"
Change component parameters (AddParameter): Name = "PackageDescription"; Value = "DO-214-AC/SMA Diode, Molded Body; 5.10mm L X 2.67mm W X 2.29mm H, IPC Medium Density"; VariantName = "[No Variations]"
Change component parameters (AddParameter): Name = "Part Description"; Value = "Surface Mount Schottky Barrier Rectifier"; VariantName = "[No Variations]"
Change component parameters (AddParameter): Name = "Part Number"; Value = "SS16"; VariantName = "[No Variations]"
Change component parameters (AddParameter): Name = "Pin Count"; Value = "2"; VariantName = "[No Variations]"
Change component parameters (AddParameter): Name = "Power"; Value = "1A"; VariantName = "[No Variations]"
Change component parameters (AddParameter): Name = "PressFit"; Value = "No"; VariantName = "[No Variations]"
Change component parameters (AddParameter): Name = "Sense"; Value = "No"; VariantName = "[No Variations]"
Change component parameters (AddParameter): Name = "SMD"; Value = "Yes"; VariantName = "[No Variations]"
Change component parameters (AddParameter): Name = "Socket"; Value = "No"; VariantName = "[No Variations]"
Change component parameters (AddParameter): Name = "Voltage"; Value = "60V"; VariantName = "[No Variations]"
Change component parameters: Designator = "D2" ("D2"); Footprint = "DO-41"; UniqueID = "\HGBWKKRT" ("\HGBWKKRT")
Change component parameters (AddParameter): Name = "Author"; Value = "CERN DEM JLC"; VariantName = "[No Variations]"
Change component parameters (AddParameter): Name = "Bonding"; Value = "No"; VariantName = "[No Variations]"
Change component parameters (AddParameter): Name = "Case"; Value = "DO-214AC"; VariantName = "[No Variations]"
Change component parameters (AddParameter): Name = "Component Type"; Value = "Standard"; VariantName = "[No Variations]"
Change component parameters (AddParameter): Name = "ComponentHeight"; Value = "2.29mm"; VariantName = "[No Variations]"
Change component parameters (AddParameter): Name = "CreateDate"; Value = "15.07.2008"; VariantName = "[No Variations]"
Change component parameters (AddParameter): Name = "Device"; Value = "SS16"; VariantName = "[No Variations]"
Change component parameters (AddParameter): Name = "HelpURL"; Value = "\\cern.ch\dfs\Applications\Altium\Datasheets\SS16.pdf"; VariantName = "[No Variations]"
Change component parameters (AddParameter): Name = "LatestRevisionDate"; Value = "23.08.2010"; VariantName = "[No Variations]"
Change component parameters (AddParameter): Name = "Manufacturer"; Value = "VISHAY GENERAL SEMICONDUCTOR"; VariantName = "[No Variations]"
Change component parameters (AddParameter): Name = "Manufacturer Part Number"; Value = "SS16"; VariantName = "[No Variations]"
Change component parameters (AddParameter): Name = "Mounted"; Value = "Yes"; VariantName = "[No Variations]"
Change component parameters (AddParameter): Name = "PackageDescription"; Value = "DO-214-AC/SMA Diode, Molded Body; 5.10mm L X 2.67mm W X 2.29mm H, IPC Medium Density"; VariantName = "[No Variations]"
Change component parameters (AddParameter): Name = "Part Description"; Value = "Surface Mount Schottky Barrier Rectifier"; VariantName = "[No Variations]"
Change component parameters (AddParameter): Name = "Part Number"; Value = "SS16"; VariantName = "[No Variations]"
Change component parameters (AddParameter): Name = "Pin Count"; Value = "2"; VariantName = "[No Variations]"
Change component parameters (AddParameter): Name = "Power"; Value = "1A"; VariantName = "[No Variations]"
Change component parameters (AddParameter): Name = "PressFit"; Value = "No"; VariantName = "[No Variations]"
Change component parameters (AddParameter): Name = "Sense"; Value = "No"; VariantName = "[No Variations]"
Change component parameters (AddParameter): Name = "SMD"; Value = "Yes"; VariantName = "[No Variations]"
Change component parameters (AddParameter): Name = "Socket"; Value = "No"; VariantName = "[No Variations]"
Change component parameters (AddParameter): Name = "Voltage"; Value = "60V"; VariantName = "[No Variations]"
