Removed Pin From Net: NetName=IO13 Pin=J1-1
Removed Pin From Net: NetName=IO12 Pin=J1-2
Removed Pin From Net: NetName=IO14 Pin=J1-3
Removed Pin From Net: NetName=IO27 Pin=J1-4
Removed Pin From Net: NetName=IO33 Pin=J1-5
Removed Pin From Net: NetName=IO32 Pin=J1-6
Removed Pin From Net: NetName=IO35 Pin=J1-7
Removed Pin From Net: NetName=IO34 Pin=J1-8
Removed Pin From Net: NetName=IO23 Pin=J2-1
Removed Pin From Net: NetName=IO22 Pin=J2-2
Removed Pin From Net: NetName=IO21 Pin=J2-3
Removed Pin From Net: NetName=IO19 Pin=J2-4
Removed Pin From Net: NetName=IO18 Pin=J2-5
Removed Pin From Net: NetName=IO5 Pin=J2-6
Removed Pin From Net: NetName=IO17 Pin=J2-7
Removed Pin From Net: NetName=IO16 Pin=J2-8
Removed Pin From Net: NetName=IO4 Pin=J3-1
Removed Pin From Net: NetName=IO2 Pin=J3-3
Removed Pin From Net: NetName=NetJ4_2 Pin=RL1-COM
Removed Pin From Net: NetName=NetJ4_1 Pin=RL1-NC
Removed Pin From Net: NetName=NetJ4_3 Pin=RL1-NO
Removed Member From Class: ClassName=Core Member=J5
Change Component Footprint: Designator=J2 Old Footprint=PHOENIX_1715789 New Footprint=PHOENIX_1715734
Change Component Footprint: Designator=J4 Old Footprint=PHOENIX_1725669 New Footprint=PHOENIX_1715734
Change Comment: Unknown Component : J1
Change Comment: Unknown Component : J3
Change component parameters: Component "J1" not found
Change component parameters: Designator = "J2" ("J2"); Footprint = "PHOENIX_1715789"; UniqueID = "\SQUUTNVK" ("\SQUUTNVK")
Change component parameters (AddParameter): Name = "Author"; Value = "CERN DEM JLC"; VariantName = "[No Variations]"
Change component parameters (AddParameter): Name = "Component Type"; Value = "Standard"; VariantName = "[No Variations]"
Change component parameters (AddParameter): Name = "ComponentHeight"; Value = "13.8mm"; VariantName = "[No Variations]"
Change component parameters (AddParameter): Name = "CreateDate"; Value = "6.01.2010"; VariantName = "[No Variations]"
Change component parameters (AddParameter): Name = "HelpURL"; Value = "\\cern.ch\dfs\Applications\Altium\Datasheets\PHOENIX_1715734.pdf"; VariantName = "[No Variations]"
Change component parameters (AddParameter): Name = "LatestRevisionDate"; Value = "25.02.2013"; VariantName = "[No Variations]"
Change component parameters (AddParameter): Name = "Manufacturer"; Value = "PHOENIX CONTACT"; VariantName = "[No Variations]"
Change component parameters (AddParameter): Name = "Manufacturer Part Number"; Value = "1715734 (MKDS 1,5/3-5,08)"; VariantName = "[No Variations]"
Change component parameters (AddParameter): Name = "Mounted"; Value = "Yes"; VariantName = "[No Variations]"
Change component parameters (AddParameter): Name = "Part Description"; Value = "17.5A, 400V, Terminal Block, Pitch 5.08mm, 3 Positions, Screw Connection"; VariantName = "[No Variations]"
Change component parameters (AddParameter): Name = "Part Number"; Value = "PHOENIX_1715734"; VariantName = "[No Variations]"
Change component parameters (AddParameter): Name = "Pin Count"; Value = "3"; VariantName = "[No Variations]"
Change component parameters (AddParameter): Name = "PressFit"; Value = "No"; VariantName = "[No Variations]"
Change component parameters (AddParameter): Name = "Sense"; Value = "No"; VariantName = "[No Variations]"
Change component parameters (AddParameter): Name = "SMD"; Value = "No"; VariantName = "[No Variations]"
Change component parameters (AddParameter): Name = "Socket"; Value = "No"; VariantName = "[No Variations]"
Change component parameters (AddParameter): Name = "Status"; Value = "None"; VariantName = "[No Variations]"
Change component parameters: Component "J3" not found
Change component parameters: Designator = "J4" ("J4"); Footprint = "PHOENIX_1725669"; UniqueID = "\WQOBETGT" ("\WQOBETGT")
Change component parameters (AddParameter): Name = "Author"; Value = "CERN DEM JLC"; VariantName = "[No Variations]"
Change component parameters (AddParameter): Name = "Component Type"; Value = "Standard"; VariantName = "[No Variations]"
Change component parameters (AddParameter): Name = "ComponentHeight"; Value = "13.8mm"; VariantName = "[No Variations]"
Change component parameters (AddParameter): Name = "CreateDate"; Value = "6.01.2010"; VariantName = "[No Variations]"
Change component parameters (AddParameter): Name = "HelpURL"; Value = "\\cern.ch\dfs\Applications\Altium\Datasheets\PHOENIX_1715734.pdf"; VariantName = "[No Variations]"
Change component parameters (AddParameter): Name = "LatestRevisionDate"; Value = "25.02.2013"; VariantName = "[No Variations]"
Change component parameters (AddParameter): Name = "Manufacturer"; Value = "PHOENIX CONTACT"; VariantName = "[No Variations]"
Change component parameters (AddParameter): Name = "Manufacturer Part Number"; Value = "1715734 (MKDS 1,5/3-5,08)"; VariantName = "[No Variations]"
Change component parameters (AddParameter): Name = "Mounted"; Value = "Yes"; VariantName = "[No Variations]"
Change component parameters (AddParameter): Name = "Part Description"; Value = "17.5A, 400V, Terminal Block, Pitch 5.08mm, 3 Positions, Screw Connection"; VariantName = "[No Variations]"
Change component parameters (AddParameter): Name = "Part Number"; Value = "PHOENIX_1715734"; VariantName = "[No Variations]"
Change component parameters (AddParameter): Name = "Pin Count"; Value = "3"; VariantName = "[No Variations]"
Change component parameters (AddParameter): Name = "PressFit"; Value = "No"; VariantName = "[No Variations]"
Change component parameters (AddParameter): Name = "Sense"; Value = "No"; VariantName = "[No Variations]"
Change component parameters (AddParameter): Name = "SMD"; Value = "No"; VariantName = "[No Variations]"
Change component parameters (AddParameter): Name = "Socket"; Value = "No"; VariantName = "[No Variations]"
Change component parameters (AddParameter): Name = "Status"; Value = "None"; VariantName = "[No Variations]"
Add Pin To Net: Unknown Pin: Pin J1-1
Add Pin To Net: Unknown Pin: Pin J1-2
Add Pin To Net: Unknown Pin: Pin J1-3
Add Pin To Net: Unknown Pin: Pin J1-4
Add Pin To Net: Unknown Pin: Pin J1-5
Add Pin To Net: Unknown Pin: Pin J1-6
Add Pin To Net: Unknown Pin: Pin J1-7
Add Pin To Net: Unknown Pin: Pin J1-8
Add Pin To Net: Unknown Pin: Pin J1-9
Add Pin To Net: Unknown Pin: Pin J3-1
Add Pin To Net: Unknown Pin: Pin J3-3
Add Pin To Net: Unknown Pin: Pin J3-4
Add Pin To Net: Unknown Pin: Pin J3-5
Add Pin To Net: Unknown Pin: Pin J3-6
Add Pin To Net: Unknown Pin: Pin J3-7
Add Pin To Net: Unknown Pin: Pin J3-8
Add Pin To Net: Unknown Pin: Pin J3-9
Add Pin To Net: Unknown Pin: Pin J3-10
Added Pin To Net: NetName=NetJ4_2 Pin=RL2-COM
Added Pin To Net: NetName=NetJ4_1 Pin=RL2-NC
Added Pin To Net: NetName=NetJ4_3 Pin=RL2-NO
Added Pin To Net: NetName=NetJ2_1 Pin=J2-1
Added Pin To Net: NetName=NetJ2_1 Pin=RL1-NC
Added Net: Name=NetJ2_1
Added Pin To Net: NetName=NetJ2_2 Pin=J2-2
Added Pin To Net: NetName=NetJ2_2 Pin=RL1-COM
Added Net: Name=NetJ2_2
Added Pin To Net: NetName=NetJ2_3 Pin=J2-3
Added Pin To Net: NetName=NetJ2_3 Pin=RL1-NO
Added Net: Name=NetJ2_3
